2020-05-24 19:22:33.122  INFO 23648 --- [main] com.street.shop.ShopApplication          : Starting ShopApplication on SKY-20170507BGY with PID 23648 (E:\work\StreetShop\target\classes started by Administrator in E:\work\StreetShop)
2020-05-24 19:22:33.149  INFO 23648 --- [main] com.street.shop.ShopApplication          : No active profile set, falling back to default profiles: default
2020-05-24 19:22:35.074  INFO 23648 --- [main] .s.d.r.c.RepositoryConfigurationDelegate : Multiple Spring Data modules found, entering strict repository configuration mode!
2020-05-24 19:22:35.077  INFO 23648 --- [main] .s.d.r.c.RepositoryConfigurationDelegate : Bootstrapping Spring Data repositories in DEFAULT mode.
2020-05-24 19:22:35.128  INFO 23648 --- [main] .s.d.r.c.RepositoryConfigurationDelegate : Finished Spring Data repository scanning in 43ms. Found 0 repository interfaces.
2020-05-24 19:22:35.137  INFO 23648 --- [main] .s.d.r.c.RepositoryConfigurationDelegate : Multiple Spring Data modules found, entering strict repository configuration mode!
2020-05-24 19:22:35.138  INFO 23648 --- [main] .s.d.r.c.RepositoryConfigurationDelegate : Bootstrapping Spring Data repositories in DEFAULT mode.
2020-05-24 19:22:35.142  INFO 23648 --- [main] .s.d.r.c.RepositoryConfigurationDelegate : Finished Spring Data repository scanning in 1ms. Found 0 repository interfaces.
2020-05-24 19:22:35.694  INFO 23648 --- [main] trationDelegate$BeanPostProcessorChecker : Bean 'org.springframework.transaction.annotation.ProxyTransactionManagementConfiguration' of type [org.springframework.transaction.annotation.ProxyTransactionManagementConfiguration$$EnhancerBySpringCGLIB$$f7ab76f6] is not eligible for getting processed by all BeanPostProcessors (for example: not eligible for auto-proxying)
2020-05-24 19:22:36.196  INFO 23648 --- [main] o.s.b.w.embedded.tomcat.TomcatWebServer  : Tomcat initialized with port(s): 8066 (http)
2020-05-24 19:22:36.229  INFO 23648 --- [main] o.apache.catalina.core.StandardService   : Starting service [Tomcat]
2020-05-24 19:22:36.229  INFO 23648 --- [main] org.apache.catalina.core.StandardEngine  : Starting Servlet engine: [Apache Tomcat/9.0.16]
2020-05-24 19:22:36.238  INFO 23648 --- [main] o.a.catalina.core.AprLifecycleListener   : An older version [1.2.14] of the APR based Apache Tomcat Native library is installed, while Tomcat recommends a minimum version of [1.2.21]
2020-05-24 19:22:36.238  INFO 23648 --- [main] o.a.catalina.core.AprLifecycleListener   : Loaded APR based Apache Tomcat Native library [1.2.14] using APR version [1.6.2].
2020-05-24 19:22:36.238  INFO 23648 --- [main] o.a.catalina.core.AprLifecycleListener   : APR capabilities: IPv6 [true], sendfile [true], accept filters [false], random [true].
2020-05-24 19:22:36.239  INFO 23648 --- [main] o.a.catalina.core.AprLifecycleListener   : APR/OpenSSL configuration: useAprConnector [false], useOpenSSL [true]
2020-05-24 19:22:37.292  INFO 23648 --- [main] o.a.catalina.core.AprLifecycleListener   : OpenSSL successfully initialized [OpenSSL 1.0.2l  25 May 2017]
2020-05-24 19:22:37.570  WARN 23648 --- [main] o.a.tomcat.util.scan.StandardJarScanner  : Failed to scan [file:/C:/Users/Administrator/.m2/repository/com/sun/xml/bind/jaxb-impl/2.1/jaxb-api.jar] from classloader hierarchy

java.io.FileNotFoundException: C:\Users\Administrator\.m2\repository\com\sun\xml\bind\jaxb-impl\2.1\jaxb-api.jar (系统找不到指定的文件。)
	at java.util.zip.ZipFile.open(Native Method) ~[na:1.8.0_151]
	at java.util.zip.ZipFile.<init>(ZipFile.java:225) ~[na:1.8.0_151]
	at java.util.zip.ZipFile.<init>(ZipFile.java:155) ~[na:1.8.0_151]
	at java.util.jar.JarFile.<init>(JarFile.java:166) ~[na:1.8.0_151]
	at java.util.jar.JarFile.<init>(JarFile.java:130) ~[na:1.8.0_151]
	at org.apache.tomcat.util.compat.JreCompat.jarFileNewInstance(JreCompat.java:164) ~[tomcat-embed-core-9.0.16.jar:9.0.16]
	at org.apache.tomcat.util.scan.JarFileUrlJar.<init>(JarFileUrlJar.java:65) ~[tomcat-embed-core-9.0.16.jar:9.0.16]
	at org.apache.tomcat.util.scan.JarFactory.newInstance(JarFactory.java:49) ~[tomcat-embed-core-9.0.16.jar:9.0.16]
	at org.apache.tomcat.util.scan.StandardJarScanner.process(StandardJarScanner.java:374) [tomcat-embed-core-9.0.16.jar:9.0.16]
	at org.apache.tomcat.util.scan.StandardJarScanner.processURLs(StandardJarScanner.java:309) [tomcat-embed-core-9.0.16.jar:9.0.16]
	at org.apache.tomcat.util.scan.StandardJarScanner.doScanClassPath(StandardJarScanner.java:266) [tomcat-embed-core-9.0.16.jar:9.0.16]
	at org.apache.tomcat.util.scan.StandardJarScanner.scan(StandardJarScanner.java:229) [tomcat-embed-core-9.0.16.jar:9.0.16]
	at org.apache.jasper.servlet.TldScanner.scanJars(TldScanner.java:262) [tomcat-embed-jasper-9.0.16.jar:9.0.16]
	at org.apache.jasper.servlet.TldScanner.scan(TldScanner.java:104) [tomcat-embed-jasper-9.0.16.jar:9.0.16]
	at org.apache.jasper.servlet.JasperInitializer.onStartup(JasperInitializer.java:83) [tomcat-embed-jasper-9.0.16.jar:9.0.16]
	at org.apache.catalina.core.StandardContext.startInternal(StandardContext.java:5125) [tomcat-embed-core-9.0.16.jar:9.0.16]
	at org.apache.catalina.util.LifecycleBase.start(LifecycleBase.java:183) [tomcat-embed-core-9.0.16.jar:9.0.16]
	at org.apache.catalina.core.ContainerBase$StartChild.call(ContainerBase.java:1377) [tomcat-embed-core-9.0.16.jar:9.0.16]
	at org.apache.catalina.core.ContainerBase$StartChild.call(ContainerBase.java:1367) [tomcat-embed-core-9.0.16.jar:9.0.16]
	at java.util.concurrent.FutureTask.run$$$capture(FutureTask.java:266) [na:1.8.0_151]
	at java.util.concurrent.FutureTask.run(FutureTask.java) [na:1.8.0_151]
	at org.apache.tomcat.util.threads.InlineExecutorService.execute(InlineExecutorService.java:75) [tomcat-embed-core-9.0.16.jar:9.0.16]
	at java.util.concurrent.AbstractExecutorService.submit(AbstractExecutorService.java:134) [na:1.8.0_151]
	at org.apache.catalina.core.ContainerBase.startInternal(ContainerBase.java:902) [tomcat-embed-core-9.0.16.jar:9.0.16]
	at org.apache.catalina.core.StandardHost.startInternal(StandardHost.java:831) [tomcat-embed-core-9.0.16.jar:9.0.16]
	at org.apache.catalina.util.LifecycleBase.start(LifecycleBase.java:183) [tomcat-embed-core-9.0.16.jar:9.0.16]
	at org.apache.catalina.core.ContainerBase$StartChild.call(ContainerBase.java:1377) [tomcat-embed-core-9.0.16.jar:9.0.16]
	at org.apache.catalina.core.ContainerBase$StartChild.call(ContainerBase.java:1367) [tomcat-embed-core-9.0.16.jar:9.0.16]
	at java.util.concurrent.FutureTask.run$$$capture(FutureTask.java:266) [na:1.8.0_151]
	at java.util.concurrent.FutureTask.run(FutureTask.java) [na:1.8.0_151]
	at org.apache.tomcat.util.threads.InlineExecutorService.execute(InlineExecutorService.java:75) [tomcat-embed-core-9.0.16.jar:9.0.16]
	at java.util.concurrent.AbstractExecutorService.submit(AbstractExecutorService.java:134) [na:1.8.0_151]
	at org.apache.catalina.core.ContainerBase.startInternal(ContainerBase.java:902) [tomcat-embed-core-9.0.16.jar:9.0.16]
	at org.apache.catalina.core.StandardEngine.startInternal(StandardEngine.java:262) [tomcat-embed-core-9.0.16.jar:9.0.16]
	at org.apache.catalina.util.LifecycleBase.start(LifecycleBase.java:183) [tomcat-embed-core-9.0.16.jar:9.0.16]
	at org.apache.catalina.core.StandardService.startInternal(StandardService.java:423) [tomcat-embed-core-9.0.16.jar:9.0.16]
	at org.apache.catalina.util.LifecycleBase.start(LifecycleBase.java:183) [tomcat-embed-core-9.0.16.jar:9.0.16]
	at org.apache.catalina.core.StandardServer.startInternal(StandardServer.java:928) [tomcat-embed-core-9.0.16.jar:9.0.16]
	at org.apache.catalina.util.LifecycleBase.start(LifecycleBase.java:183) [tomcat-embed-core-9.0.16.jar:9.0.16]
	at org.apache.catalina.startup.Tomcat.start(Tomcat.java:455) [tomcat-embed-core-9.0.16.jar:9.0.16]
	at org.springframework.boot.web.embedded.tomcat.TomcatWebServer.initialize(TomcatWebServer.java:106) [spring-boot-2.1.3.RELEASE.jar:2.1.3.RELEASE]
	at org.springframework.boot.web.embedded.tomcat.TomcatWebServer.<init>(TomcatWebServer.java:86) [spring-boot-2.1.3.RELEASE.jar:2.1.3.RELEASE]
	at org.springframework.boot.web.embedded.tomcat.TomcatServletWebServerFactory.getTomcatWebServer(TomcatServletWebServerFactory.java:415) [spring-boot-2.1.3.RELEASE.jar:2.1.3.RELEASE]
	at org.springframework.boot.web.embedded.tomcat.TomcatServletWebServerFactory.getWebServer(TomcatServletWebServerFactory.java:174) [spring-boot-2.1.3.RELEASE.jar:2.1.3.RELEASE]
	at org.springframework.boot.web.servlet.context.ServletWebServerApplicationContext.createWebServer(ServletWebServerApplicationContext.java:181) [spring-boot-2.1.3.RELEASE.jar:2.1.3.RELEASE]
	at org.springframework.boot.web.servlet.context.ServletWebServerApplicationContext.onRefresh(ServletWebServerApplicationContext.java:154) [spring-boot-2.1.3.RELEASE.jar:2.1.3.RELEASE]
	at org.springframework.context.support.AbstractApplicationContext.refresh(AbstractApplicationContext.java:543) [spring-context-5.1.5.RELEASE.jar:5.1.5.RELEASE]
	at org.springframework.boot.web.servlet.context.ServletWebServerApplicationContext.refresh(ServletWebServerApplicationContext.java:142) [spring-boot-2.1.3.RELEASE.jar:2.1.3.RELEASE]
	at org.springframework.boot.SpringApplication.refresh(SpringApplication.java:775) [spring-boot-2.1.3.RELEASE.jar:2.1.3.RELEASE]
	at org.springframework.boot.SpringApplication.refreshContext(SpringApplication.java:397) [spring-boot-2.1.3.RELEASE.jar:2.1.3.RELEASE]
	at org.springframework.boot.SpringApplication.run(SpringApplication.java:316) [spring-boot-2.1.3.RELEASE.jar:2.1.3.RELEASE]
	at org.springframework.boot.SpringApplication.run(SpringApplication.java:1260) [spring-boot-2.1.3.RELEASE.jar:2.1.3.RELEASE]
	at org.springframework.boot.SpringApplication.run(SpringApplication.java:1248) [spring-boot-2.1.3.RELEASE.jar:2.1.3.RELEASE]
	at com.street.shop.ShopApplication.main(ShopApplication.java:10) [classes/:na]

2020-05-24 19:22:37.573  WARN 23648 --- [main] o.a.tomcat.util.scan.StandardJarScanner  : Failed to scan [file:/C:/Users/Administrator/.m2/repository/com/sun/xml/bind/jaxb-impl/2.1/activation.jar] from classloader hierarchy

java.io.FileNotFoundException: C:\Users\Administrator\.m2\repository\com\sun\xml\bind\jaxb-impl\2.1\activation.jar (系统找不到指定的文件。)
	at java.util.zip.ZipFile.open(Native Method) ~[na:1.8.0_151]
	at java.util.zip.ZipFile.<init>(ZipFile.java:225) ~[na:1.8.0_151]
	at java.util.zip.ZipFile.<init>(ZipFile.java:155) ~[na:1.8.0_151]
	at java.util.jar.JarFile.<init>(JarFile.java:166) ~[na:1.8.0_151]
	at java.util.jar.JarFile.<init>(JarFile.java:130) ~[na:1.8.0_151]
	at org.apache.tomcat.util.compat.JreCompat.jarFileNewInstance(JreCompat.java:164) ~[tomcat-embed-core-9.0.16.jar:9.0.16]
	at org.apache.tomcat.util.scan.JarFileUrlJar.<init>(JarFileUrlJar.java:65) ~[tomcat-embed-core-9.0.16.jar:9.0.16]
	at org.apache.tomcat.util.scan.JarFactory.newInstance(JarFactory.java:49) ~[tomcat-embed-core-9.0.16.jar:9.0.16]
	at org.apache.tomcat.util.scan.StandardJarScanner.process(StandardJarScanner.java:374) [tomcat-embed-core-9.0.16.jar:9.0.16]
	at org.apache.tomcat.util.scan.StandardJarScanner.processURLs(StandardJarScanner.java:309) [tomcat-embed-core-9.0.16.jar:9.0.16]
	at org.apache.tomcat.util.scan.StandardJarScanner.doScanClassPath(StandardJarScanner.java:266) [tomcat-embed-core-9.0.16.jar:9.0.16]
	at org.apache.tomcat.util.scan.StandardJarScanner.scan(StandardJarScanner.java:229) [tomcat-embed-core-9.0.16.jar:9.0.16]
	at org.apache.jasper.servlet.TldScanner.scanJars(TldScanner.java:262) [tomcat-embed-jasper-9.0.16.jar:9.0.16]
	at org.apache.jasper.servlet.TldScanner.scan(TldScanner.java:104) [tomcat-embed-jasper-9.0.16.jar:9.0.16]
	at org.apache.jasper.servlet.JasperInitializer.onStartup(JasperInitializer.java:83) [tomcat-embed-jasper-9.0.16.jar:9.0.16]
	at org.apache.catalina.core.StandardContext.startInternal(StandardContext.java:5125) [tomcat-embed-core-9.0.16.jar:9.0.16]
	at org.apache.catalina.util.LifecycleBase.start(LifecycleBase.java:183) [tomcat-embed-core-9.0.16.jar:9.0.16]
	at org.apache.catalina.core.ContainerBase$StartChild.call(ContainerBase.java:1377) [tomcat-embed-core-9.0.16.jar:9.0.16]
	at org.apache.catalina.core.ContainerBase$StartChild.call(ContainerBase.java:1367) [tomcat-embed-core-9.0.16.jar:9.0.16]
	at java.util.concurrent.FutureTask.run$$$capture(FutureTask.java:266) [na:1.8.0_151]
	at java.util.concurrent.FutureTask.run(FutureTask.java) [na:1.8.0_151]
	at org.apache.tomcat.util.threads.InlineExecutorService.execute(InlineExecutorService.java:75) [tomcat-embed-core-9.0.16.jar:9.0.16]
	at java.util.concurrent.AbstractExecutorService.submit(AbstractExecutorService.java:134) [na:1.8.0_151]
	at org.apache.catalina.core.ContainerBase.startInternal(ContainerBase.java:902) [tomcat-embed-core-9.0.16.jar:9.0.16]
	at org.apache.catalina.core.StandardHost.startInternal(StandardHost.java:831) [tomcat-embed-core-9.0.16.jar:9.0.16]
	at org.apache.catalina.util.LifecycleBase.start(LifecycleBase.java:183) [tomcat-embed-core-9.0.16.jar:9.0.16]
	at org.apache.catalina.core.ContainerBase$StartChild.call(ContainerBase.java:1377) [tomcat-embed-core-9.0.16.jar:9.0.16]
	at org.apache.catalina.core.ContainerBase$StartChild.call(ContainerBase.java:1367) [tomcat-embed-core-9.0.16.jar:9.0.16]
	at java.util.concurrent.FutureTask.run$$$capture(FutureTask.java:266) [na:1.8.0_151]
	at java.util.concurrent.FutureTask.run(FutureTask.java) [na:1.8.0_151]
	at org.apache.tomcat.util.threads.InlineExecutorService.execute(InlineExecutorService.java:75) [tomcat-embed-core-9.0.16.jar:9.0.16]
	at java.util.concurrent.AbstractExecutorService.submit(AbstractExecutorService.java:134) [na:1.8.0_151]
	at org.apache.catalina.core.ContainerBase.startInternal(ContainerBase.java:902) [tomcat-embed-core-9.0.16.jar:9.0.16]
	at org.apache.catalina.core.StandardEngine.startInternal(StandardEngine.java:262) [tomcat-embed-core-9.0.16.jar:9.0.16]
	at org.apache.catalina.util.LifecycleBase.start(LifecycleBase.java:183) [tomcat-embed-core-9.0.16.jar:9.0.16]
	at org.apache.catalina.core.StandardService.startInternal(StandardService.java:423) [tomcat-embed-core-9.0.16.jar:9.0.16]
	at org.apache.catalina.util.LifecycleBase.start(LifecycleBase.java:183) [tomcat-embed-core-9.0.16.jar:9.0.16]
	at org.apache.catalina.core.StandardServer.startInternal(StandardServer.java:928) [tomcat-embed-core-9.0.16.jar:9.0.16]
	at org.apache.catalina.util.LifecycleBase.start(LifecycleBase.java:183) [tomcat-embed-core-9.0.16.jar:9.0.16]
	at org.apache.catalina.startup.Tomcat.start(Tomcat.java:455) [tomcat-embed-core-9.0.16.jar:9.0.16]
	at org.springframework.boot.web.embedded.tomcat.TomcatWebServer.initialize(TomcatWebServer.java:106) [spring-boot-2.1.3.RELEASE.jar:2.1.3.RELEASE]
	at org.springframework.boot.web.embedded.tomcat.TomcatWebServer.<init>(TomcatWebServer.java:86) [spring-boot-2.1.3.RELEASE.jar:2.1.3.RELEASE]
	at org.springframework.boot.web.embedded.tomcat.TomcatServletWebServerFactory.getTomcatWebServer(TomcatServletWebServerFactory.java:415) [spring-boot-2.1.3.RELEASE.jar:2.1.3.RELEASE]
	at org.springframework.boot.web.embedded.tomcat.TomcatServletWebServerFactory.getWebServer(TomcatServletWebServerFactory.java:174) [spring-boot-2.1.3.RELEASE.jar:2.1.3.RELEASE]
	at org.springframework.boot.web.servlet.context.ServletWebServerApplicationContext.createWebServer(ServletWebServerApplicationContext.java:181) [spring-boot-2.1.3.RELEASE.jar:2.1.3.RELEASE]
	at org.springframework.boot.web.servlet.context.ServletWebServerApplicationContext.onRefresh(ServletWebServerApplicationContext.java:154) [spring-boot-2.1.3.RELEASE.jar:2.1.3.RELEASE]
	at org.springframework.context.support.AbstractApplicationContext.refresh(AbstractApplicationContext.java:543) [spring-context-5.1.5.RELEASE.jar:5.1.5.RELEASE]
	at org.springframework.boot.web.servlet.context.ServletWebServerApplicationContext.refresh(ServletWebServerApplicationContext.java:142) [spring-boot-2.1.3.RELEASE.jar:2.1.3.RELEASE]
	at org.springframework.boot.SpringApplication.refresh(SpringApplication.java:775) [spring-boot-2.1.3.RELEASE.jar:2.1.3.RELEASE]
	at org.springframework.boot.SpringApplication.refreshContext(SpringApplication.java:397) [spring-boot-2.1.3.RELEASE.jar:2.1.3.RELEASE]
	at org.springframework.boot.SpringApplication.run(SpringApplication.java:316) [spring-boot-2.1.3.RELEASE.jar:2.1.3.RELEASE]
	at org.springframework.boot.SpringApplication.run(SpringApplication.java:1260) [spring-boot-2.1.3.RELEASE.jar:2.1.3.RELEASE]
	at org.springframework.boot.SpringApplication.run(SpringApplication.java:1248) [spring-boot-2.1.3.RELEASE.jar:2.1.3.RELEASE]
	at com.street.shop.ShopApplication.main(ShopApplication.java:10) [classes/:na]

2020-05-24 19:22:37.575  WARN 23648 --- [main] o.a.tomcat.util.scan.StandardJarScanner  : Failed to scan [file:/C:/Users/Administrator/.m2/repository/com/sun/xml/bind/jaxb-impl/2.1/jsr173_1.0_api.jar] from classloader hierarchy

java.io.FileNotFoundException: C:\Users\Administrator\.m2\repository\com\sun\xml\bind\jaxb-impl\2.1\jsr173_1.0_api.jar (系统找不到指定的文件。)
	at java.util.zip.ZipFile.open(Native Method) ~[na:1.8.0_151]
	at java.util.zip.ZipFile.<init>(ZipFile.java:225) ~[na:1.8.0_151]
	at java.util.zip.ZipFile.<init>(ZipFile.java:155) ~[na:1.8.0_151]
	at java.util.jar.JarFile.<init>(JarFile.java:166) ~[na:1.8.0_151]
	at java.util.jar.JarFile.<init>(JarFile.java:130) ~[na:1.8.0_151]
	at org.apache.tomcat.util.compat.JreCompat.jarFileNewInstance(JreCompat.java:164) ~[tomcat-embed-core-9.0.16.jar:9.0.16]
	at org.apache.tomcat.util.scan.JarFileUrlJar.<init>(JarFileUrlJar.java:65) ~[tomcat-embed-core-9.0.16.jar:9.0.16]
	at org.apache.tomcat.util.scan.JarFactory.newInstance(JarFactory.java:49) ~[tomcat-embed-core-9.0.16.jar:9.0.16]
	at org.apache.tomcat.util.scan.StandardJarScanner.process(StandardJarScanner.java:374) [tomcat-embed-core-9.0.16.jar:9.0.16]
	at org.apache.tomcat.util.scan.StandardJarScanner.processURLs(StandardJarScanner.java:309) [tomcat-embed-core-9.0.16.jar:9.0.16]
	at org.apache.tomcat.util.scan.StandardJarScanner.doScanClassPath(StandardJarScanner.java:266) [tomcat-embed-core-9.0.16.jar:9.0.16]
	at org.apache.tomcat.util.scan.StandardJarScanner.scan(StandardJarScanner.java:229) [tomcat-embed-core-9.0.16.jar:9.0.16]
	at org.apache.jasper.servlet.TldScanner.scanJars(TldScanner.java:262) [tomcat-embed-jasper-9.0.16.jar:9.0.16]
	at org.apache.jasper.servlet.TldScanner.scan(TldScanner.java:104) [tomcat-embed-jasper-9.0.16.jar:9.0.16]
	at org.apache.jasper.servlet.JasperInitializer.onStartup(JasperInitializer.java:83) [tomcat-embed-jasper-9.0.16.jar:9.0.16]
	at org.apache.catalina.core.StandardContext.startInternal(StandardContext.java:5125) [tomcat-embed-core-9.0.16.jar:9.0.16]
	at org.apache.catalina.util.LifecycleBase.start(LifecycleBase.java:183) [tomcat-embed-core-9.0.16.jar:9.0.16]
	at org.apache.catalina.core.ContainerBase$StartChild.call(ContainerBase.java:1377) [tomcat-embed-core-9.0.16.jar:9.0.16]
	at org.apache.catalina.core.ContainerBase$StartChild.call(ContainerBase.java:1367) [tomcat-embed-core-9.0.16.jar:9.0.16]
	at java.util.concurrent.FutureTask.run$$$capture(FutureTask.java:266) [na:1.8.0_151]
	at java.util.concurrent.FutureTask.run(FutureTask.java) [na:1.8.0_151]
	at org.apache.tomcat.util.threads.InlineExecutorService.execute(InlineExecutorService.java:75) [tomcat-embed-core-9.0.16.jar:9.0.16]
	at java.util.concurrent.AbstractExecutorService.submit(AbstractExecutorService.java:134) [na:1.8.0_151]
	at org.apache.catalina.core.ContainerBase.startInternal(ContainerBase.java:902) [tomcat-embed-core-9.0.16.jar:9.0.16]
	at org.apache.catalina.core.StandardHost.startInternal(StandardHost.java:831) [tomcat-embed-core-9.0.16.jar:9.0.16]
	at org.apache.catalina.util.LifecycleBase.start(LifecycleBase.java:183) [tomcat-embed-core-9.0.16.jar:9.0.16]
	at org.apache.catalina.core.ContainerBase$StartChild.call(ContainerBase.java:1377) [tomcat-embed-core-9.0.16.jar:9.0.16]
	at org.apache.catalina.core.ContainerBase$StartChild.call(ContainerBase.java:1367) [tomcat-embed-core-9.0.16.jar:9.0.16]
	at java.util.concurrent.FutureTask.run$$$capture(FutureTask.java:266) [na:1.8.0_151]
	at java.util.concurrent.FutureTask.run(FutureTask.java) [na:1.8.0_151]
	at org.apache.tomcat.util.threads.InlineExecutorService.execute(InlineExecutorService.java:75) [tomcat-embed-core-9.0.16.jar:9.0.16]
	at java.util.concurrent.AbstractExecutorService.submit(AbstractExecutorService.java:134) [na:1.8.0_151]
	at org.apache.catalina.core.ContainerBase.startInternal(ContainerBase.java:902) [tomcat-embed-core-9.0.16.jar:9.0.16]
	at org.apache.catalina.core.StandardEngine.startInternal(StandardEngine.java:262) [tomcat-embed-core-9.0.16.jar:9.0.16]
	at org.apache.catalina.util.LifecycleBase.start(LifecycleBase.java:183) [tomcat-embed-core-9.0.16.jar:9.0.16]
	at org.apache.catalina.core.StandardService.startInternal(StandardService.java:423) [tomcat-embed-core-9.0.16.jar:9.0.16]
	at org.apache.catalina.util.LifecycleBase.start(LifecycleBase.java:183) [tomcat-embed-core-9.0.16.jar:9.0.16]
	at org.apache.catalina.core.StandardServer.startInternal(StandardServer.java:928) [tomcat-embed-core-9.0.16.jar:9.0.16]
	at org.apache.catalina.util.LifecycleBase.start(LifecycleBase.java:183) [tomcat-embed-core-9.0.16.jar:9.0.16]
	at org.apache.catalina.startup.Tomcat.start(Tomcat.java:455) [tomcat-embed-core-9.0.16.jar:9.0.16]
	at org.springframework.boot.web.embedded.tomcat.TomcatWebServer.initialize(TomcatWebServer.java:106) [spring-boot-2.1.3.RELEASE.jar:2.1.3.RELEASE]
	at org.springframework.boot.web.embedded.tomcat.TomcatWebServer.<init>(TomcatWebServer.java:86) [spring-boot-2.1.3.RELEASE.jar:2.1.3.RELEASE]
	at org.springframework.boot.web.embedded.tomcat.TomcatServletWebServerFactory.getTomcatWebServer(TomcatServletWebServerFactory.java:415) [spring-boot-2.1.3.RELEASE.jar:2.1.3.RELEASE]
	at org.springframework.boot.web.embedded.tomcat.TomcatServletWebServerFactory.getWebServer(TomcatServletWebServerFactory.java:174) [spring-boot-2.1.3.RELEASE.jar:2.1.3.RELEASE]
	at org.springframework.boot.web.servlet.context.ServletWebServerApplicationContext.createWebServer(ServletWebServerApplicationContext.java:181) [spring-boot-2.1.3.RELEASE.jar:2.1.3.RELEASE]
	at org.springframework.boot.web.servlet.context.ServletWebServerApplicationContext.onRefresh(ServletWebServerApplicationContext.java:154) [spring-boot-2.1.3.RELEASE.jar:2.1.3.RELEASE]
	at org.springframework.context.support.AbstractApplicationContext.refresh(AbstractApplicationContext.java:543) [spring-context-5.1.5.RELEASE.jar:5.1.5.RELEASE]
	at org.springframework.boot.web.servlet.context.ServletWebServerApplicationContext.refresh(ServletWebServerApplicationContext.java:142) [spring-boot-2.1.3.RELEASE.jar:2.1.3.RELEASE]
	at org.springframework.boot.SpringApplication.refresh(SpringApplication.java:775) [spring-boot-2.1.3.RELEASE.jar:2.1.3.RELEASE]
	at org.springframework.boot.SpringApplication.refreshContext(SpringApplication.java:397) [spring-boot-2.1.3.RELEASE.jar:2.1.3.RELEASE]
	at org.springframework.boot.SpringApplication.run(SpringApplication.java:316) [spring-boot-2.1.3.RELEASE.jar:2.1.3.RELEASE]
	at org.springframework.boot.SpringApplication.run(SpringApplication.java:1260) [spring-boot-2.1.3.RELEASE.jar:2.1.3.RELEASE]
	at org.springframework.boot.SpringApplication.run(SpringApplication.java:1248) [spring-boot-2.1.3.RELEASE.jar:2.1.3.RELEASE]
	at com.street.shop.ShopApplication.main(ShopApplication.java:10) [classes/:na]

2020-05-24 19:22:37.577  WARN 23648 --- [main] o.a.tomcat.util.scan.StandardJarScanner  : Failed to scan [file:/C:/Users/Administrator/.m2/repository/com/sun/xml/bind/jaxb-impl/2.1/jaxb1-impl.jar] from classloader hierarchy

java.io.FileNotFoundException: C:\Users\Administrator\.m2\repository\com\sun\xml\bind\jaxb-impl\2.1\jaxb1-impl.jar (系统找不到指定的文件。)
	at java.util.zip.ZipFile.open(Native Method) ~[na:1.8.0_151]
	at java.util.zip.ZipFile.<init>(ZipFile.java:225) ~[na:1.8.0_151]
	at java.util.zip.ZipFile.<init>(ZipFile.java:155) ~[na:1.8.0_151]
	at java.util.jar.JarFile.<init>(JarFile.java:166) ~[na:1.8.0_151]
	at java.util.jar.JarFile.<init>(JarFile.java:130) ~[na:1.8.0_151]
	at org.apache.tomcat.util.compat.JreCompat.jarFileNewInstance(JreCompat.java:164) ~[tomcat-embed-core-9.0.16.jar:9.0.16]
	at org.apache.tomcat.util.scan.JarFileUrlJar.<init>(JarFileUrlJar.java:65) ~[tomcat-embed-core-9.0.16.jar:9.0.16]
	at org.apache.tomcat.util.scan.JarFactory.newInstance(JarFactory.java:49) ~[tomcat-embed-core-9.0.16.jar:9.0.16]
	at org.apache.tomcat.util.scan.StandardJarScanner.process(StandardJarScanner.java:374) [tomcat-embed-core-9.0.16.jar:9.0.16]
	at org.apache.tomcat.util.scan.StandardJarScanner.processURLs(StandardJarScanner.java:309) [tomcat-embed-core-9.0.16.jar:9.0.16]
	at org.apache.tomcat.util.scan.StandardJarScanner.doScanClassPath(StandardJarScanner.java:266) [tomcat-embed-core-9.0.16.jar:9.0.16]
	at org.apache.tomcat.util.scan.StandardJarScanner.scan(StandardJarScanner.java:229) [tomcat-embed-core-9.0.16.jar:9.0.16]
	at org.apache.jasper.servlet.TldScanner.scanJars(TldScanner.java:262) [tomcat-embed-jasper-9.0.16.jar:9.0.16]
	at org.apache.jasper.servlet.TldScanner.scan(TldScanner.java:104) [tomcat-embed-jasper-9.0.16.jar:9.0.16]
	at org.apache.jasper.servlet.JasperInitializer.onStartup(JasperInitializer.java:83) [tomcat-embed-jasper-9.0.16.jar:9.0.16]
	at org.apache.catalina.core.StandardContext.startInternal(StandardContext.java:5125) [tomcat-embed-core-9.0.16.jar:9.0.16]
	at org.apache.catalina.util.LifecycleBase.start(LifecycleBase.java:183) [tomcat-embed-core-9.0.16.jar:9.0.16]
	at org.apache.catalina.core.ContainerBase$StartChild.call(ContainerBase.java:1377) [tomcat-embed-core-9.0.16.jar:9.0.16]
	at org.apache.catalina.core.ContainerBase$StartChild.call(ContainerBase.java:1367) [tomcat-embed-core-9.0.16.jar:9.0.16]
	at java.util.concurrent.FutureTask.run$$$capture(FutureTask.java:266) [na:1.8.0_151]
	at java.util.concurrent.FutureTask.run(FutureTask.java) [na:1.8.0_151]
	at org.apache.tomcat.util.threads.InlineExecutorService.execute(InlineExecutorService.java:75) [tomcat-embed-core-9.0.16.jar:9.0.16]
	at java.util.concurrent.AbstractExecutorService.submit(AbstractExecutorService.java:134) [na:1.8.0_151]
	at org.apache.catalina.core.ContainerBase.startInternal(ContainerBase.java:902) [tomcat-embed-core-9.0.16.jar:9.0.16]
	at org.apache.catalina.core.StandardHost.startInternal(StandardHost.java:831) [tomcat-embed-core-9.0.16.jar:9.0.16]
	at org.apache.catalina.util.LifecycleBase.start(LifecycleBase.java:183) [tomcat-embed-core-9.0.16.jar:9.0.16]
	at org.apache.catalina.core.ContainerBase$StartChild.call(ContainerBase.java:1377) [tomcat-embed-core-9.0.16.jar:9.0.16]
	at org.apache.catalina.core.ContainerBase$StartChild.call(ContainerBase.java:1367) [tomcat-embed-core-9.0.16.jar:9.0.16]
	at java.util.concurrent.FutureTask.run$$$capture(FutureTask.java:266) [na:1.8.0_151]
	at java.util.concurrent.FutureTask.run(FutureTask.java) [na:1.8.0_151]
	at org.apache.tomcat.util.threads.InlineExecutorService.execute(InlineExecutorService.java:75) [tomcat-embed-core-9.0.16.jar:9.0.16]
	at java.util.concurrent.AbstractExecutorService.submit(AbstractExecutorService.java:134) [na:1.8.0_151]
	at org.apache.catalina.core.ContainerBase.startInternal(ContainerBase.java:902) [tomcat-embed-core-9.0.16.jar:9.0.16]
	at org.apache.catalina.core.StandardEngine.startInternal(StandardEngine.java:262) [tomcat-embed-core-9.0.16.jar:9.0.16]
	at org.apache.catalina.util.LifecycleBase.start(LifecycleBase.java:183) [tomcat-embed-core-9.0.16.jar:9.0.16]
	at org.apache.catalina.core.StandardService.startInternal(StandardService.java:423) [tomcat-embed-core-9.0.16.jar:9.0.16]
	at org.apache.catalina.util.LifecycleBase.start(LifecycleBase.java:183) [tomcat-embed-core-9.0.16.jar:9.0.16]
	at org.apache.catalina.core.StandardServer.startInternal(StandardServer.java:928) [tomcat-embed-core-9.0.16.jar:9.0.16]
	at org.apache.catalina.util.LifecycleBase.start(LifecycleBase.java:183) [tomcat-embed-core-9.0.16.jar:9.0.16]
	at org.apache.catalina.startup.Tomcat.start(Tomcat.java:455) [tomcat-embed-core-9.0.16.jar:9.0.16]
	at org.springframework.boot.web.embedded.tomcat.TomcatWebServer.initialize(TomcatWebServer.java:106) [spring-boot-2.1.3.RELEASE.jar:2.1.3.RELEASE]
	at org.springframework.boot.web.embedded.tomcat.TomcatWebServer.<init>(TomcatWebServer.java:86) [spring-boot-2.1.3.RELEASE.jar:2.1.3.RELEASE]
	at org.springframework.boot.web.embedded.tomcat.TomcatServletWebServerFactory.getTomcatWebServer(TomcatServletWebServerFactory.java:415) [spring-boot-2.1.3.RELEASE.jar:2.1.3.RELEASE]
	at org.springframework.boot.web.embedded.tomcat.TomcatServletWebServerFactory.getWebServer(TomcatServletWebServerFactory.java:174) [spring-boot-2.1.3.RELEASE.jar:2.1.3.RELEASE]
	at org.springframework.boot.web.servlet.context.ServletWebServerApplicationContext.createWebServer(ServletWebServerApplicationContext.java:181) [spring-boot-2.1.3.RELEASE.jar:2.1.3.RELEASE]
	at org.springframework.boot.web.servlet.context.ServletWebServerApplicationContext.onRefresh(ServletWebServerApplicationContext.java:154) [spring-boot-2.1.3.RELEASE.jar:2.1.3.RELEASE]
	at org.springframework.context.support.AbstractApplicationContext.refresh(AbstractApplicationContext.java:543) [spring-context-5.1.5.RELEASE.jar:5.1.5.RELEASE]
	at org.springframework.boot.web.servlet.context.ServletWebServerApplicationContext.refresh(ServletWebServerApplicationContext.java:142) [spring-boot-2.1.3.RELEASE.jar:2.1.3.RELEASE]
	at org.springframework.boot.SpringApplication.refresh(SpringApplication.java:775) [spring-boot-2.1.3.RELEASE.jar:2.1.3.RELEASE]
	at org.springframework.boot.SpringApplication.refreshContext(SpringApplication.java:397) [spring-boot-2.1.3.RELEASE.jar:2.1.3.RELEASE]
	at org.springframework.boot.SpringApplication.run(SpringApplication.java:316) [spring-boot-2.1.3.RELEASE.jar:2.1.3.RELEASE]
	at org.springframework.boot.SpringApplication.run(SpringApplication.java:1260) [spring-boot-2.1.3.RELEASE.jar:2.1.3.RELEASE]
	at org.springframework.boot.SpringApplication.run(SpringApplication.java:1248) [spring-boot-2.1.3.RELEASE.jar:2.1.3.RELEASE]
	at com.street.shop.ShopApplication.main(ShopApplication.java:10) [classes/:na]

2020-05-24 19:22:37.581  INFO 23648 --- [main] org.apache.jasper.servlet.TldScanner     : At least one JAR was scanned for TLDs yet contained no TLDs. Enable debug logging for this logger for a complete list of JARs that were scanned but no TLDs were found in them. Skipping unneeded JARs during scanning can improve startup time and JSP compilation time.
2020-05-24 19:22:37.585  INFO 23648 --- [main] o.a.c.c.C.[Tomcat].[localhost].[/]       : Initializing Spring embedded WebApplicationContext
2020-05-24 19:22:37.586  INFO 23648 --- [main] o.s.web.context.ContextLoader            : Root WebApplicationContext: initialization completed in 4306 ms
2020-05-24 19:22:37.865  INFO 23648 --- [main] o.hibernate.jpa.internal.util.LogHelper  : HHH000204: Processing PersistenceUnitInfo [
	name: default
	...]
2020-05-24 19:22:38.121  INFO 23648 --- [main] org.hibernate.Version                    : HHH000412: Hibernate Core {5.3.7.Final}
2020-05-24 19:22:38.126  INFO 23648 --- [main] org.hibernate.cfg.Environment            : HHH000206: hibernate.properties not found
2020-05-24 19:22:38.365  INFO 23648 --- [main] o.hibernate.annotations.common.Version   : HCANN000001: Hibernate Commons Annotations {5.0.4.Final}
2020-05-24 19:22:38.574  INFO 23648 --- [main] com.zaxxer.hikari.HikariDataSource       : HikariPool-1 - Starting...
2020-05-24 19:22:38.835  INFO 23648 --- [main] com.zaxxer.hikari.HikariDataSource       : HikariPool-1 - Start completed.
2020-05-24 19:22:38.849  INFO 23648 --- [main] org.hibernate.dialect.Dialect            : HHH000400: Using dialect: org.hibernate.dialect.MySQL5InnoDBDialect
2020-05-24 19:22:39.274  INFO 23648 --- [main] j.LocalContainerEntityManagerFactoryBean : Initialized JPA EntityManagerFactory for persistence unit 'default'
2020-05-24 19:22:39.711  INFO 23648 --- [main] o.s.s.concurrent.ThreadPoolTaskExecutor  : Initializing ExecutorService 'applicationTaskExecutor'
2020-05-24 19:22:39.772  WARN 23648 --- [main] aWebConfiguration$JpaWebMvcConfiguration : spring.jpa.open-in-view is enabled by default. Therefore, database queries may be performed during view rendering. Explicitly configure spring.jpa.open-in-view to disable this warning
2020-05-24 19:22:40.886  INFO 23648 --- [main] o.s.b.w.embedded.tomcat.TomcatWebServer  : Tomcat started on port(s): 8066 (http) with context path ''
2020-05-24 19:22:40.893  INFO 23648 --- [main] com.street.shop.ShopApplication          : Started ShopApplication in 8.915 seconds (JVM running for 11.115)
2020-05-24 19:26:04.607  INFO 24536 --- [main] com.street.shop.ShopApplication          : Starting ShopApplication on SKY-20170507BGY with PID 24536 (E:\work\StreetShop\target\classes started by Administrator in E:\work\StreetShop)
2020-05-24 19:26:04.610  INFO 24536 --- [main] com.street.shop.ShopApplication          : No active profile set, falling back to default profiles: default
2020-05-24 19:26:05.664  INFO 24536 --- [main] .s.d.r.c.RepositoryConfigurationDelegate : Multiple Spring Data modules found, entering strict repository configuration mode!
2020-05-24 19:26:05.667  INFO 24536 --- [main] .s.d.r.c.RepositoryConfigurationDelegate : Bootstrapping Spring Data repositories in DEFAULT mode.
2020-05-24 19:26:05.694  INFO 24536 --- [main] .s.d.r.c.RepositoryConfigurationDelegate : Finished Spring Data repository scanning in 20ms. Found 0 repository interfaces.
2020-05-24 19:26:05.703  INFO 24536 --- [main] .s.d.r.c.RepositoryConfigurationDelegate : Multiple Spring Data modules found, entering strict repository configuration mode!
2020-05-24 19:26:05.704  INFO 24536 --- [main] .s.d.r.c.RepositoryConfigurationDelegate : Bootstrapping Spring Data repositories in DEFAULT mode.
2020-05-24 19:26:05.710  INFO 24536 --- [main] .s.d.r.c.RepositoryConfigurationDelegate : Finished Spring Data repository scanning in 1ms. Found 0 repository interfaces.
2020-05-24 19:26:06.105  INFO 24536 --- [main] trationDelegate$BeanPostProcessorChecker : Bean 'org.springframework.transaction.annotation.ProxyTransactionManagementConfiguration' of type [org.springframework.transaction.annotation.ProxyTransactionManagementConfiguration$$EnhancerBySpringCGLIB$$797bf020] is not eligible for getting processed by all BeanPostProcessors (for example: not eligible for auto-proxying)
2020-05-24 19:26:06.470  INFO 24536 --- [main] o.s.b.w.embedded.tomcat.TomcatWebServer  : Tomcat initialized with port(s): 8066 (http)
2020-05-24 19:26:06.500  INFO 24536 --- [main] o.apache.catalina.core.StandardService   : Starting service [Tomcat]
2020-05-24 19:26:06.500  INFO 24536 --- [main] org.apache.catalina.core.StandardEngine  : Starting Servlet engine: [Apache Tomcat/9.0.16]
2020-05-24 19:26:06.508  INFO 24536 --- [main] o.a.catalina.core.AprLifecycleListener   : An older version [1.2.14] of the APR based Apache Tomcat Native library is installed, while Tomcat recommends a minimum version of [1.2.21]
2020-05-24 19:26:06.509  INFO 24536 --- [main] o.a.catalina.core.AprLifecycleListener   : Loaded APR based Apache Tomcat Native library [1.2.14] using APR version [1.6.2].
2020-05-24 19:26:06.509  INFO 24536 --- [main] o.a.catalina.core.AprLifecycleListener   : APR capabilities: IPv6 [true], sendfile [true], accept filters [false], random [true].
2020-05-24 19:26:06.509  INFO 24536 --- [main] o.a.catalina.core.AprLifecycleListener   : APR/OpenSSL configuration: useAprConnector [false], useOpenSSL [true]
2020-05-24 19:26:07.552  INFO 24536 --- [main] o.a.catalina.core.AprLifecycleListener   : OpenSSL successfully initialized [OpenSSL 1.0.2l  25 May 2017]
2020-05-24 19:26:07.664  INFO 24536 --- [main] o.a.c.c.C.[Tomcat].[localhost].[/]       : Initializing Spring embedded WebApplicationContext
2020-05-24 19:26:07.664  INFO 24536 --- [main] o.s.web.context.ContextLoader            : Root WebApplicationContext: initialization completed in 2969 ms
2020-05-24 19:26:07.869  INFO 24536 --- [main] o.hibernate.jpa.internal.util.LogHelper  : HHH000204: Processing PersistenceUnitInfo [
	name: default
	...]
2020-05-24 19:26:08.062  INFO 24536 --- [main] org.hibernate.Version                    : HHH000412: Hibernate Core {5.3.7.Final}
2020-05-24 19:26:08.064  INFO 24536 --- [main] org.hibernate.cfg.Environment            : HHH000206: hibernate.properties not found
2020-05-24 19:26:08.207  INFO 24536 --- [main] o.hibernate.annotations.common.Version   : HCANN000001: Hibernate Commons Annotations {5.0.4.Final}
2020-05-24 19:26:08.313  INFO 24536 --- [main] com.zaxxer.hikari.HikariDataSource       : HikariPool-1 - Starting...
2020-05-24 19:26:08.477  INFO 24536 --- [main] com.zaxxer.hikari.HikariDataSource       : HikariPool-1 - Start completed.
2020-05-24 19:26:08.487  INFO 24536 --- [main] org.hibernate.dialect.Dialect            : HHH000400: Using dialect: org.hibernate.dialect.MySQL5InnoDBDialect
2020-05-24 19:26:08.707  INFO 24536 --- [main] j.LocalContainerEntityManagerFactoryBean : Initialized JPA EntityManagerFactory for persistence unit 'default'
2020-05-24 19:26:08.971  INFO 24536 --- [main] o.s.s.concurrent.ThreadPoolTaskExecutor  : Initializing ExecutorService 'applicationTaskExecutor'
2020-05-24 19:26:09.020  WARN 24536 --- [main] aWebConfiguration$JpaWebMvcConfiguration : spring.jpa.open-in-view is enabled by default. Therefore, database queries may be performed during view rendering. Explicitly configure spring.jpa.open-in-view to disable this warning
2020-05-24 19:26:09.685  INFO 24536 --- [main] o.s.b.w.embedded.tomcat.TomcatWebServer  : Tomcat started on port(s): 8066 (http) with context path ''
2020-05-24 19:26:09.689  INFO 24536 --- [main] com.street.shop.ShopApplication          : Started ShopApplication in 6.109 seconds (JVM running for 7.458)
2020-05-24 19:39:12.654  INFO 16640 --- [main] com.street.shop.ShopApplication          : Starting ShopApplication on SKY-20170507BGY with PID 16640 (E:\work\StreetShop\target\classes started by Administrator in E:\work\StreetShop)
2020-05-24 19:39:12.658  INFO 16640 --- [main] com.street.shop.ShopApplication          : No active profile set, falling back to default profiles: default
2020-05-24 19:39:13.739  INFO 16640 --- [main] .s.d.r.c.RepositoryConfigurationDelegate : Multiple Spring Data modules found, entering strict repository configuration mode!
2020-05-24 19:39:13.741  INFO 16640 --- [main] .s.d.r.c.RepositoryConfigurationDelegate : Bootstrapping Spring Data repositories in DEFAULT mode.
2020-05-24 19:39:13.760  INFO 16640 --- [main] .s.d.r.c.RepositoryConfigurationDelegate : Finished Spring Data repository scanning in 16ms. Found 0 repository interfaces.
2020-05-24 19:39:13.772  INFO 16640 --- [main] .s.d.r.c.RepositoryConfigurationDelegate : Multiple Spring Data modules found, entering strict repository configuration mode!
2020-05-24 19:39:13.772  INFO 16640 --- [main] .s.d.r.c.RepositoryConfigurationDelegate : Bootstrapping Spring Data repositories in DEFAULT mode.
2020-05-24 19:39:13.779  INFO 16640 --- [main] .s.d.r.c.RepositoryConfigurationDelegate : Finished Spring Data repository scanning in 2ms. Found 0 repository interfaces.
2020-05-24 19:39:14.198  INFO 16640 --- [main] trationDelegate$BeanPostProcessorChecker : Bean 'org.springframework.transaction.annotation.ProxyTransactionManagementConfiguration' of type [org.springframework.transaction.annotation.ProxyTransactionManagementConfiguration$$EnhancerBySpringCGLIB$$c69718d5] is not eligible for getting processed by all BeanPostProcessors (for example: not eligible for auto-proxying)
2020-05-24 19:39:14.620  INFO 16640 --- [main] o.s.b.w.embedded.tomcat.TomcatWebServer  : Tomcat initialized with port(s): 8066 (http)
2020-05-24 19:39:14.652  INFO 16640 --- [main] o.apache.catalina.core.StandardService   : Starting service [Tomcat]
2020-05-24 19:39:14.652  INFO 16640 --- [main] org.apache.catalina.core.StandardEngine  : Starting Servlet engine: [Apache Tomcat/9.0.16]
2020-05-24 19:39:14.660  INFO 16640 --- [main] o.a.catalina.core.AprLifecycleListener   : An older version [1.2.14] of the APR based Apache Tomcat Native library is installed, while Tomcat recommends a minimum version of [1.2.21]
2020-05-24 19:39:14.660  INFO 16640 --- [main] o.a.catalina.core.AprLifecycleListener   : Loaded APR based Apache Tomcat Native library [1.2.14] using APR version [1.6.2].
2020-05-24 19:39:14.660  INFO 16640 --- [main] o.a.catalina.core.AprLifecycleListener   : APR capabilities: IPv6 [true], sendfile [true], accept filters [false], random [true].
2020-05-24 19:39:14.660  INFO 16640 --- [main] o.a.catalina.core.AprLifecycleListener   : APR/OpenSSL configuration: useAprConnector [false], useOpenSSL [true]
2020-05-24 19:39:15.717  INFO 16640 --- [main] o.a.catalina.core.AprLifecycleListener   : OpenSSL successfully initialized [OpenSSL 1.0.2l  25 May 2017]
2020-05-24 19:39:15.838  INFO 16640 --- [main] o.a.c.c.C.[Tomcat].[localhost].[/]       : Initializing Spring embedded WebApplicationContext
2020-05-24 19:39:15.838  INFO 16640 --- [main] o.s.web.context.ContextLoader            : Root WebApplicationContext: initialization completed in 3017 ms
2020-05-24 19:39:16.023  INFO 16640 --- [main] o.hibernate.jpa.internal.util.LogHelper  : HHH000204: Processing PersistenceUnitInfo [
	name: default
	...]
2020-05-24 19:39:16.084  INFO 16640 --- [main] org.hibernate.Version                    : HHH000412: Hibernate Core {5.3.7.Final}
2020-05-24 19:39:16.087  INFO 16640 --- [main] org.hibernate.cfg.Environment            : HHH000206: hibernate.properties not found
2020-05-24 19:39:16.306  INFO 16640 --- [main] o.hibernate.annotations.common.Version   : HCANN000001: Hibernate Commons Annotations {5.0.4.Final}
2020-05-24 19:39:16.483  INFO 16640 --- [main] com.zaxxer.hikari.HikariDataSource       : HikariPool-1 - Starting...
2020-05-24 19:39:16.865  INFO 16640 --- [main] com.zaxxer.hikari.HikariDataSource       : HikariPool-1 - Start completed.
2020-05-24 19:39:16.876  INFO 16640 --- [main] org.hibernate.dialect.Dialect            : HHH000400: Using dialect: org.hibernate.dialect.MySQL5InnoDBDialect
2020-05-24 19:39:18.017  INFO 16640 --- [main] j.LocalContainerEntityManagerFactoryBean : Initialized JPA EntityManagerFactory for persistence unit 'default'
2020-05-24 19:39:18.318  INFO 16640 --- [main] o.s.s.concurrent.ThreadPoolTaskExecutor  : Initializing ExecutorService 'applicationTaskExecutor'
2020-05-24 19:39:18.358  WARN 16640 --- [main] aWebConfiguration$JpaWebMvcConfiguration : spring.jpa.open-in-view is enabled by default. Therefore, database queries may be performed during view rendering. Explicitly configure spring.jpa.open-in-view to disable this warning
2020-05-24 19:39:19.226  INFO 16640 --- [main] o.s.b.w.embedded.tomcat.TomcatWebServer  : Tomcat started on port(s): 8066 (http) with context path ''
2020-05-24 19:39:19.230  INFO 16640 --- [main] com.street.shop.ShopApplication          : Started ShopApplication in 8.394 seconds (JVM running for 9.726)
